Build started 5/3/2015 4:57:46 PM.
     1>Project "C:\Users\Paul\documents\visual studio 2013\Projects\Alpha01\Alpha01\Alpha01.vcxproj" on node 2 (Build target(s)).
     1>C:\Program Files (x86)\MSBuild\Microsoft.Cpp\v4.0\V120\Microsoft.CppBuild.targets(381,5): warning MSB8028: The intermediate directory (C:\Users\Paul\documents\visual studio 2013\Projects\Alpha01\bin\Debug\Intermediates\) contains files shared from another project (ProjectA.vcxproj).  This can lead to incorrect clean and rebuild behavior.
     1>ClCompile:
         C:\Program Files (x86)\Microsoft Visual Studio 12.0\VC\bin\CL.exe /c /ZI /nologo /W3 /WX- /sdl- /Od /Oy- /D GLEW_STATIC /D FT2_BUILD_LIBRARY /D WIN32 /D _LIB /D _CRT_NONSTDC_NO_DEPRECATE /D _CRT_SECURE_NO_WARNINGS /D _MBCS /Gm /EHsc /RTC1 /MDd /GS /fp:precise /Zc:wchar_t /Zc:forScope /Fo"C:\Users\Paul\documents\visual studio 2013\Projects\Alpha01\bin\Debug\Intermediates\\" /Fd"C:\Users\Paul\documents\visual studio 2013\Projects\Alpha01\bin\Debug\Intermediates\vc120.pdb" /Gd /TP /analyze- /errorReport:prompt game.cpp main.cpp
         game.cpp
     1>c:\program files (x86)\microsoft visual studio 12.0\vc\include\math.h(1298): warning C4005: 'M_PI' : macro redefinition
                 c:\users\paul\documents\visual studio 2013\projects\alpha01\dependencies\sdl2\include\sdl_stdinc.h(350) : see previous definition of 'M_PI'
     1>c:\users\paul\documents\visual studio 2013\projects\alpha01\alpha01\game.cpp(28): warning C4316: 'gearengine::model::Model' : object allocated on the heap may not be aligned 16
         Generating Code...
         Compiling...
         main.cpp
     1>c:\program files (x86)\microsoft visual studio 12.0\vc\include\math.h(1298): warning C4005: 'M_PI' : macro redefinition
                 c:\users\paul\documents\visual studio 2013\projects\alpha01\dependencies\sdl2\include\sdl_stdinc.h(350) : see previous definition of 'M_PI'
         Generating Code...
       Link:
         C:\Program Files (x86)\Microsoft Visual Studio 12.0\VC\bin\link.exe /ERRORREPORT:PROMPT /OUT:"C:\Users\Paul\documents\visual studio 2013\Projects\Alpha01\bin\Debug\Alpha01.exe" /INCREMENTAL /NOLOGO SDL2.lib SDL2main.lib glew32s.lib opengl32.lib FreeImage.lib SDL2_mixer.lib assimp.lib SOIL.lib kernel32.lib user32.lib gdi32.lib winspool.lib comdlg32.lib advapi32.lib shell32.lib ole32.lib oleaut32.lib uuid.lib odbc32.lib odbccp32.lib /MANIFEST /MANIFESTUAC:"level='asInvoker' uiAccess='false'" /manifest:embed /DEBUG /PDB:"C:\Users\Paul\documents\visual studio 2013\Projects\Alpha01\bin\Debug\Alpha01.pdb" /TLBID:1 /DYNAMICBASE /NXCOMPAT /IMPLIB:"C:\Users\Paul\documents\visual studio 2013\Projects\Alpha01\bin\Debug\Alpha01.lib" /MACHINE:X86 "C:\Users\Paul\documents\visual studio 2013\Projects\Alpha01\bin\Debug\Intermediates\buffer.obj"
         "C:\Users\Paul\documents\visual studio 2013\Projects\Alpha01\bin\Debug\Intermediates\platform.obj"
         "C:\Users\Paul\documents\visual studio 2013\Projects\Alpha01\bin\Debug\Intermediates\texture-atlas.obj"
         "C:\Users\Paul\documents\visual studio 2013\Projects\Alpha01\bin\Debug\Intermediates\texture-font.obj"
         "C:\Users\Paul\documents\visual studio 2013\Projects\Alpha01\bin\Debug\Intermediates\vector.obj"
         "C:\Users\Paul\documents\visual studio 2013\Projects\Alpha01\bin\Debug\Intermediates\autofit.obj"
         "C:\Users\Paul\documents\visual studio 2013\Projects\Alpha01\bin\Debug\Intermediates\ftbase.obj"
         "C:\Users\Paul\documents\visual studio 2013\Projects\Alpha01\bin\Debug\Intermediates\ftbbox.obj"
         "C:\Users\Paul\documents\visual studio 2013\Projects\Alpha01\bin\Debug\Intermediates\ftbitmap.obj"
         "C:\Users\Paul\documents\visual studio 2013\Projects\Alpha01\bin\Debug\Intermediates\ftdebug.obj"
         "C:\Users\Paul\documents\visual studio 2013\Projects\Alpha01\bin\Debug\Intermediates\ftfstype.obj"
         "C:\Users\Paul\documents\visual studio 2013\Projects\Alpha01\bin\Debug\Intermediates\ftgasp.obj"
         "C:\Users\Paul\documents\visual studio 2013\Projects\Alpha01\bin\Debug\Intermediates\ftglyph.obj"
         "C:\Users\Paul\documents\visual studio 2013\Projects\Alpha01\bin\Debug\Intermediates\ftgxval.obj"
         "C:\Users\Paul\documents\visual studio 2013\Projects\Alpha01\bin\Debug\Intermediates\ftinit.obj"
         "C:\Users\Paul\documents\visual studio 2013\Projects\Alpha01\bin\Debug\Intermediates\ftlcdfil.obj"
         "C:\Users\Paul\documents\visual studio 2013\Projects\Alpha01\bin\Debug\Intermediates\ftmm.obj"
         "C:\Users\Paul\documents\visual studio 2013\Projects\Alpha01\bin\Debug\Intermediates\ftotval.obj"
         "C:\Users\Paul\documents\visual studio 2013\Projects\Alpha01\bin\Debug\Intermediates\ftpatent.obj"
         "C:\Users\Paul\documents\visual studio 2013\Projects\Alpha01\bin\Debug\Intermediates\ftpfr.obj"
         "C:\Users\Paul\documents\visual studio 2013\Projects\Alpha01\bin\Debug\Intermediates\ftstroke.obj"
         "C:\Users\Paul\documents\visual studio 2013\Projects\Alpha01\bin\Debug\Intermediates\ftsynth.obj"
         "C:\Users\Paul\documents\visual studio 2013\Projects\Alpha01\bin\Debug\Intermediates\ftsystem.obj"
         "C:\Users\Paul\documents\visual studio 2013\Projects\Alpha01\bin\Debug\Intermediates\fttype1.obj"
         "C:\Users\Paul\documents\visual studio 2013\Projects\Alpha01\bin\Debug\Intermediates\ftwinfnt.obj"
         "C:\Users\Paul\documents\visual studio 2013\Projects\Alpha01\bin\Debug\Intermediates\ftxf86.obj"
         "C:\Users\Paul\documents\visual studio 2013\Projects\Alpha01\bin\Debug\Intermediates\bdf.obj"
         "C:\Users\Paul\documents\visual studio 2013\Projects\Alpha01\bin\Debug\Intermediates\ftcache.obj"
         "C:\Users\Paul\documents\visual studio 2013\Projects\Alpha01\bin\Debug\Intermediates\cff.obj"
         "C:\Users\Paul\documents\visual studio 2013\Projects\Alpha01\bin\Debug\Intermediates\type1cid.obj"
         "C:\Users\Paul\documents\visual studio 2013\Projects\Alpha01\bin\Debug\Intermediates\ftgzip.obj"
         "C:\Users\Paul\documents\visual studio 2013\Projects\Alpha01\bin\Debug\Intermediates\ftlzw.obj"
         "C:\Users\Paul\documents\visual studio 2013\Projects\Alpha01\bin\Debug\Intermediates\pcf.obj"
         "C:\Users\Paul\documents\visual studio 2013\Projects\Alpha01\bin\Debug\Intermediates\pfr.obj"
         "C:\Users\Paul\documents\visual studio 2013\Projects\Alpha01\bin\Debug\Intermediates\psaux.obj"
         "C:\Users\Paul\documents\visual studio 2013\Projects\Alpha01\bin\Debug\Intermediates\pshinter.obj"
         "C:\Users\Paul\documents\visual studio 2013\Projects\Alpha01\bin\Debug\Intermediates\psmodule.obj"
         "C:\Users\Paul\documents\visual studio 2013\Projects\Alpha01\bin\Debug\Intermediates\raster.obj"
         "C:\Users\Paul\documents\visual studio 2013\Projects\Alpha01\bin\Debug\Intermediates\sfnt.obj"
         "C:\Users\Paul\documents\visual studio 2013\Projects\Alpha01\bin\Debug\Intermediates\smooth.obj"
         "C:\Users\Paul\documents\visual studio 2013\Projects\Alpha01\bin\Debug\Intermediates\truetype.obj"
         "C:\Users\Paul\documents\visual studio 2013\Projects\Alpha01\bin\Debug\Intermediates\type1.obj"
         "C:\Users\Paul\documents\visual studio 2013\Projects\Alpha01\bin\Debug\Intermediates\type42.obj"
         "C:\Users\Paul\documents\visual studio 2013\Projects\Alpha01\bin\Debug\Intermediates\winfnt.obj"
         "C:\Users\Paul\documents\visual studio 2013\Projects\Alpha01\bin\Debug\Intermediates\font.obj"
         "C:\Users\Paul\documents\visual studio 2013\Projects\Alpha01\bin\Debug\Intermediates\font_manager.obj"
         "C:\Users\Paul\documents\visual studio 2013\Projects\Alpha01\bin\Debug\Intermediates\game.obj"
         "C:\Users\Paul\documents\visual studio 2013\Projects\Alpha01\bin\Debug\Intermediates\GLSLShader.obj"
         "C:\Users\Paul\documents\visual studio 2013\Projects\Alpha01\bin\Debug\Intermediates\GModel.obj"
         "C:\Users\Paul\documents\visual studio 2013\Projects\Alpha01\bin\Debug\Intermediates\GTexture.obj"
         "C:\Users\Paul\documents\visual studio 2013\Projects\Alpha01\bin\Debug\Intermediates\indexbuffer.obj"
         "C:\Users\Paul\documents\visual studio 2013\Projects\Alpha01\bin\Debug\Intermediates\main.obj"
         "C:\Users\Paul\documents\visual studio 2013\Projects\Alpha01\bin\Debug\Intermediates\mat4.obj"
         "C:\Users\Paul\documents\visual studio 2013\Projects\Alpha01\bin\Debug\Intermediates\Mesh.obj"
         "C:\Users\Paul\documents\visual studio 2013\Projects\Alpha01\bin\Debug\Intermediates\Model.obj"
         "C:\Users\Paul\documents\visual studio 2013\Projects\Alpha01\bin\Debug\Intermediates\ModelMesh.obj"
         "C:\Users\Paul\documents\visual studio 2013\Projects\Alpha01\bin\Debug\Intermediates\ModelShader.obj"
         "C:\Users\Paul\documents\visual studio 2013\Projects\Alpha01\bin\Debug\Intermediates\Quaternion.obj"
         "C:\Users\Paul\documents\visual studio 2013\Projects\Alpha01\bin\Debug\Intermediates\shader.obj"
         "C:\Users\Paul\documents\visual studio 2013\Projects\Alpha01\bin\Debug\Intermediates\Terrain.obj"
         "C:\Users\Paul\documents\visual studio 2013\Projects\Alpha01\bin\Debug\Intermediates\texture.obj"
         "C:\Users\Paul\documents\visual studio 2013\Projects\Alpha01\bin\Debug\Intermediates\vec2.obj"
         "C:\Users\Paul\documents\visual studio 2013\Projects\Alpha01\bin\Debug\Intermediates\vec3.obj"
         "C:\Users\Paul\documents\visual studio 2013\Projects\Alpha01\bin\Debug\Intermediates\vec4.obj"
         "C:\Users\Paul\documents\visual studio 2013\Projects\Alpha01\bin\Debug\Intermediates\vertexarray.obj"
         "C:\Users\Paul\documents\visual studio 2013\Projects\Alpha01\bin\Debug\Intermediates\Window.obj"
     1>LINK : warning LNK4098: defaultlib 'LIBCMT' conflicts with use of other libs; use /NODEFAULTLIB:library
     1>glew32s.lib(glew.obj) : warning LNK4099: PDB 'vc120.pdb' was not found with 'glew32s.lib(glew.obj)' or at 'C:\Users\Paul\documents\visual studio 2013\Projects\Alpha01\bin\Debug\vc120.pdb'; linking object as if no debug info
     1>SOIL.lib(image_DXT.obj) : warning LNK4099: PDB 'vc110.pdb' was not found with 'SOIL.lib(image_DXT.obj)' or at 'C:\Users\Paul\documents\visual studio 2013\Projects\Alpha01\bin\Debug\vc110.pdb'; linking object as if no debug info
     1>SOIL.lib(image_helper.obj) : warning LNK4099: PDB 'vc110.pdb' was not found with 'SOIL.lib(image_helper.obj)' or at 'C:\Users\Paul\documents\visual studio 2013\Projects\Alpha01\bin\Debug\vc110.pdb'; linking object as if no debug info
     1>SOIL.lib(SOIL.obj) : warning LNK4099: PDB 'vc110.pdb' was not found with 'SOIL.lib(SOIL.obj)' or at 'C:\Users\Paul\documents\visual studio 2013\Projects\Alpha01\bin\Debug\vc110.pdb'; linking object as if no debug info
     1>SOIL.lib(stb_image_aug.obj) : warning LNK4099: PDB 'vc110.pdb' was not found with 'SOIL.lib(stb_image_aug.obj)' or at 'C:\Users\Paul\documents\visual studio 2013\Projects\Alpha01\bin\Debug\vc110.pdb'; linking object as if no debug info
         Alpha01.vcxproj -> C:\Users\Paul\documents\visual studio 2013\Projects\Alpha01\bin\Debug\Alpha01.exe
     1>Done Building Project "C:\Users\Paul\documents\visual studio 2013\Projects\Alpha01\Alpha01\Alpha01.vcxproj" (Build target(s)).

Build succeeded.

Time Elapsed 00:00:03.51
