c:\users\paul\documents\visual studio 2013\projects\alpha01\bin\debug\intermediates\vc120.pdb
c:\users\paul\documents\visual studio 2013\projects\alpha01\bin\debug\intermediates\vc120.idb
c:\users\paul\documents\visual studio 2013\projects\alpha01\bin\debug\intermediates\font_manager.obj
c:\users\paul\documents\visual studio 2013\projects\alpha01\bin\debug\intermediates\indexbuffer.obj
c:\users\paul\documents\visual studio 2013\projects\alpha01\bin\debug\intermediates\mat4.obj
c:\users\paul\documents\visual studio 2013\projects\alpha01\bin\debug\intermediates\mesh.obj
c:\users\paul\documents\visual studio 2013\projects\alpha01\bin\debug\intermediates\model.obj
c:\users\paul\documents\visual studio 2013\projects\alpha01\bin\debug\intermediates\modelshader.obj
c:\users\paul\documents\visual studio 2013\projects\alpha01\bin\debug\intermediates\quaternion.obj
c:\users\paul\documents\visual studio 2013\projects\alpha01\bin\debug\intermediates\shader.obj
c:\users\paul\documents\visual studio 2013\projects\alpha01\bin\debug\intermediates\terrain.obj
c:\users\paul\documents\visual studio 2013\projects\alpha01\bin\debug\intermediates\texture.obj
c:\users\paul\documents\visual studio 2013\projects\alpha01\bin\debug\intermediates\ttexloader.obj
c:\users\paul\documents\visual studio 2013\projects\alpha01\bin\debug\intermediates\vec2.obj
c:\users\paul\documents\visual studio 2013\projects\alpha01\bin\debug\intermediates\vec3.obj
c:\users\paul\documents\visual studio 2013\projects\alpha01\bin\debug\intermediates\vec4.obj
c:\users\paul\documents\visual studio 2013\projects\alpha01\bin\debug\intermediates\vertexarray.obj
c:\users\paul\documents\visual studio 2013\projects\alpha01\bin\debug\intermediates\window.obj
c:\users\paul\documents\visual studio 2013\projects\alpha01\bin\debug\intermediates\buffer.obj
c:\users\paul\documents\visual studio 2013\projects\alpha01\bin\debug\intermediates\font.obj
c:\users\paul\documents\visual studio 2013\projects\alpha01\bin\debug\intermediates\game.obj
c:\users\paul\documents\visual studio 2013\projects\alpha01\bin\debug\intermediates\vbo.obj
c:\users\paul\documents\visual studio 2013\projects\alpha01\bin\debug\intermediates\cshader.obj
c:\users\paul\documents\visual studio 2013\projects\alpha01\bin\debug\intermediates\dirlight.obj
c:\users\paul\documents\visual studio 2013\projects\alpha01\bin\debug\intermediates\height.obj
c:\users\paul\documents\visual studio 2013\projects\alpha01\bin\debug\intermediates\main.obj
c:\users\paul\documents\visual studio 2013\projects\alpha01\bin\debug\intermediates\ftwinfnt.obj
c:\users\paul\documents\visual studio 2013\projects\alpha01\bin\debug\intermediates\ftxf86.obj
c:\users\paul\documents\visual studio 2013\projects\alpha01\bin\debug\intermediates\bdf.obj
c:\users\paul\documents\visual studio 2013\projects\alpha01\bin\debug\intermediates\ftcache.obj
c:\users\paul\documents\visual studio 2013\projects\alpha01\bin\debug\intermediates\cff.obj
c:\users\paul\documents\visual studio 2013\projects\alpha01\bin\debug\intermediates\type1cid.obj
c:\users\paul\documents\visual studio 2013\projects\alpha01\bin\debug\intermediates\ftgzip.obj
c:\users\paul\documents\visual studio 2013\projects\alpha01\bin\debug\intermediates\ftlzw.obj
c:\users\paul\documents\visual studio 2013\projects\alpha01\bin\debug\intermediates\pcf.obj
c:\users\paul\documents\visual studio 2013\projects\alpha01\bin\debug\intermediates\pfr.obj
c:\users\paul\documents\visual studio 2013\projects\alpha01\bin\debug\intermediates\psaux.obj
c:\users\paul\documents\visual studio 2013\projects\alpha01\bin\debug\intermediates\pshinter.obj
c:\users\paul\documents\visual studio 2013\projects\alpha01\bin\debug\intermediates\psmodule.obj
c:\users\paul\documents\visual studio 2013\projects\alpha01\bin\debug\intermediates\raster.obj
c:\users\paul\documents\visual studio 2013\projects\alpha01\bin\debug\intermediates\sfnt.obj
c:\users\paul\documents\visual studio 2013\projects\alpha01\bin\debug\intermediates\smooth.obj
c:\users\paul\documents\visual studio 2013\projects\alpha01\bin\debug\intermediates\truetype.obj
c:\users\paul\documents\visual studio 2013\projects\alpha01\bin\debug\intermediates\type1.obj
c:\users\paul\documents\visual studio 2013\projects\alpha01\bin\debug\intermediates\type42.obj
c:\users\paul\documents\visual studio 2013\projects\alpha01\bin\debug\intermediates\winfnt.obj
c:\users\paul\documents\visual studio 2013\projects\alpha01\bin\debug\intermediates\vector.obj
c:\users\paul\documents\visual studio 2013\projects\alpha01\bin\debug\intermediates\autofit.obj
c:\users\paul\documents\visual studio 2013\projects\alpha01\bin\debug\intermediates\ftbase.obj
c:\users\paul\documents\visual studio 2013\projects\alpha01\bin\debug\intermediates\ftbbox.obj
c:\users\paul\documents\visual studio 2013\projects\alpha01\bin\debug\intermediates\ftbitmap.obj
c:\users\paul\documents\visual studio 2013\projects\alpha01\bin\debug\intermediates\ftdebug.obj
c:\users\paul\documents\visual studio 2013\projects\alpha01\bin\debug\intermediates\ftfstype.obj
c:\users\paul\documents\visual studio 2013\projects\alpha01\bin\debug\intermediates\ftgasp.obj
c:\users\paul\documents\visual studio 2013\projects\alpha01\bin\debug\intermediates\ftglyph.obj
c:\users\paul\documents\visual studio 2013\projects\alpha01\bin\debug\intermediates\ftgxval.obj
c:\users\paul\documents\visual studio 2013\projects\alpha01\bin\debug\intermediates\ftinit.obj
c:\users\paul\documents\visual studio 2013\projects\alpha01\bin\debug\intermediates\ftlcdfil.obj
c:\users\paul\documents\visual studio 2013\projects\alpha01\bin\debug\intermediates\ftmm.obj
c:\users\paul\documents\visual studio 2013\projects\alpha01\bin\debug\intermediates\ftotval.obj
c:\users\paul\documents\visual studio 2013\projects\alpha01\bin\debug\intermediates\ftpatent.obj
c:\users\paul\documents\visual studio 2013\projects\alpha01\bin\debug\intermediates\ftpfr.obj
c:\users\paul\documents\visual studio 2013\projects\alpha01\bin\debug\intermediates\ftstroke.obj
c:\users\paul\documents\visual studio 2013\projects\alpha01\bin\debug\intermediates\ftsynth.obj
c:\users\paul\documents\visual studio 2013\projects\alpha01\bin\debug\intermediates\ftsystem.obj
c:\users\paul\documents\visual studio 2013\projects\alpha01\bin\debug\intermediates\fttype1.obj
c:\users\paul\documents\visual studio 2013\projects\alpha01\bin\debug\intermediates\platform.obj
c:\users\paul\documents\visual studio 2013\projects\alpha01\bin\debug\intermediates\texture-atlas.obj
c:\users\paul\documents\visual studio 2013\projects\alpha01\bin\debug\intermediates\texture-font.obj
c:\users\paul\documents\visual studio 2013\projects\alpha01\bin\debug\alpha01.ilk
c:\users\paul\documents\visual studio 2013\projects\alpha01\bin\debug\alpha01.exe
c:\users\paul\documents\visual studio 2013\projects\alpha01\bin\debug\alpha01.pdb
c:\users\paul\documents\visual studio 2013\projects\alpha01\bin\debug\intermediates\alpha01.tlog\cl.command.1.tlog
c:\users\paul\documents\visual studio 2013\projects\alpha01\bin\debug\intermediates\alpha01.tlog\cl.read.1.tlog
c:\users\paul\documents\visual studio 2013\projects\alpha01\bin\debug\intermediates\alpha01.tlog\cl.write.1.tlog
c:\users\paul\documents\visual studio 2013\projects\alpha01\bin\debug\intermediates\alpha01.tlog\link.command.1.tlog
c:\users\paul\documents\visual studio 2013\projects\alpha01\bin\debug\intermediates\alpha01.tlog\link.read.1.tlog
c:\users\paul\documents\visual studio 2013\projects\alpha01\bin\debug\intermediates\alpha01.tlog\link.write.1.tlog
