c:\users\paul\documents\visual studio 2013\projects\projecta\bin\debug\intermediates\vc120.pdb
c:\users\paul\documents\visual studio 2013\projects\projecta\bin\debug\intermediates\vc120.idb
c:\users\paul\documents\visual studio 2013\projects\projecta\bin\debug\intermediates\font.obj
c:\users\paul\documents\visual studio 2013\projects\projecta\bin\debug\intermediates\font_manager.obj
c:\users\paul\documents\visual studio 2013\projects\projecta\bin\debug\intermediates\game.obj
c:\users\paul\documents\visual studio 2013\projects\projecta\bin\debug\intermediates\group.obj
c:\users\paul\documents\visual studio 2013\projects\projecta\bin\debug\intermediates\indexbuffer.obj
c:\users\paul\documents\visual studio 2013\projects\projecta\bin\debug\intermediates\label.obj
c:\users\paul\documents\visual studio 2013\projects\projecta\bin\debug\intermediates\layer.obj
c:\users\paul\documents\visual studio 2013\projects\projecta\bin\debug\intermediates\main.obj
c:\users\paul\documents\visual studio 2013\projects\projecta\bin\debug\intermediates\mat4.obj
c:\users\paul\documents\visual studio 2013\projects\projecta\bin\debug\intermediates\shader.obj
c:\users\paul\documents\visual studio 2013\projects\projecta\bin\debug\intermediates\sound.obj
c:\users\paul\documents\visual studio 2013\projects\projecta\bin\debug\intermediates\sound_manager.obj
c:\users\paul\documents\visual studio 2013\projects\projecta\bin\debug\intermediates\sprite.obj
c:\users\paul\documents\visual studio 2013\projects\projecta\bin\debug\intermediates\texture.obj
c:\users\paul\documents\visual studio 2013\projects\projecta\bin\debug\intermediates\tilelayer.obj
c:\users\paul\documents\visual studio 2013\projects\projecta\bin\debug\intermediates\vec2.obj
c:\users\paul\documents\visual studio 2013\projects\projecta\bin\debug\intermediates\vec3.obj
c:\users\paul\documents\visual studio 2013\projects\projecta\bin\debug\intermediates\vec4.obj
c:\users\paul\documents\visual studio 2013\projects\projecta\bin\debug\intermediates\vertexarray.obj
c:\users\paul\documents\visual studio 2013\projects\projecta\bin\debug\intermediates\window.obj
c:\users\paul\documents\visual studio 2013\projects\projecta\bin\debug\intermediates\batchrenderer2d.obj
c:\users\paul\documents\visual studio 2013\projects\projecta\bin\debug\intermediates\buffer.obj
c:\users\paul\documents\visual studio 2013\projects\projecta\bin\debug\intermediates\ftwinfnt.obj
c:\users\paul\documents\visual studio 2013\projects\projecta\bin\debug\intermediates\ftxf86.obj
c:\users\paul\documents\visual studio 2013\projects\projecta\bin\debug\intermediates\bdf.obj
c:\users\paul\documents\visual studio 2013\projects\projecta\bin\debug\intermediates\ftcache.obj
c:\users\paul\documents\visual studio 2013\projects\projecta\bin\debug\intermediates\cff.obj
c:\users\paul\documents\visual studio 2013\projects\projecta\bin\debug\intermediates\type1cid.obj
c:\users\paul\documents\visual studio 2013\projects\projecta\bin\debug\intermediates\ftgzip.obj
c:\users\paul\documents\visual studio 2013\projects\projecta\bin\debug\intermediates\ftlzw.obj
c:\users\paul\documents\visual studio 2013\projects\projecta\bin\debug\intermediates\pcf.obj
c:\users\paul\documents\visual studio 2013\projects\projecta\bin\debug\intermediates\pfr.obj
c:\users\paul\documents\visual studio 2013\projects\projecta\bin\debug\intermediates\psaux.obj
c:\users\paul\documents\visual studio 2013\projects\projecta\bin\debug\intermediates\pshinter.obj
c:\users\paul\documents\visual studio 2013\projects\projecta\bin\debug\intermediates\psmodule.obj
c:\users\paul\documents\visual studio 2013\projects\projecta\bin\debug\intermediates\raster.obj
c:\users\paul\documents\visual studio 2013\projects\projecta\bin\debug\intermediates\sfnt.obj
c:\users\paul\documents\visual studio 2013\projects\projecta\bin\debug\intermediates\smooth.obj
c:\users\paul\documents\visual studio 2013\projects\projecta\bin\debug\intermediates\truetype.obj
c:\users\paul\documents\visual studio 2013\projects\projecta\bin\debug\intermediates\type1.obj
c:\users\paul\documents\visual studio 2013\projects\projecta\bin\debug\intermediates\type42.obj
c:\users\paul\documents\visual studio 2013\projects\projecta\bin\debug\intermediates\winfnt.obj
c:\users\paul\documents\visual studio 2013\projects\projecta\bin\debug\intermediates\vector.obj
c:\users\paul\documents\visual studio 2013\projects\projecta\bin\debug\intermediates\autofit.obj
c:\users\paul\documents\visual studio 2013\projects\projecta\bin\debug\intermediates\ftbase.obj
c:\users\paul\documents\visual studio 2013\projects\projecta\bin\debug\intermediates\ftbbox.obj
c:\users\paul\documents\visual studio 2013\projects\projecta\bin\debug\intermediates\ftbitmap.obj
c:\users\paul\documents\visual studio 2013\projects\projecta\bin\debug\intermediates\ftdebug.obj
c:\users\paul\documents\visual studio 2013\projects\projecta\bin\debug\intermediates\ftfstype.obj
c:\users\paul\documents\visual studio 2013\projects\projecta\bin\debug\intermediates\ftgasp.obj
c:\users\paul\documents\visual studio 2013\projects\projecta\bin\debug\intermediates\ftglyph.obj
c:\users\paul\documents\visual studio 2013\projects\projecta\bin\debug\intermediates\ftgxval.obj
c:\users\paul\documents\visual studio 2013\projects\projecta\bin\debug\intermediates\ftinit.obj
c:\users\paul\documents\visual studio 2013\projects\projecta\bin\debug\intermediates\ftlcdfil.obj
c:\users\paul\documents\visual studio 2013\projects\projecta\bin\debug\intermediates\ftmm.obj
c:\users\paul\documents\visual studio 2013\projects\projecta\bin\debug\intermediates\ftotval.obj
c:\users\paul\documents\visual studio 2013\projects\projecta\bin\debug\intermediates\ftpatent.obj
c:\users\paul\documents\visual studio 2013\projects\projecta\bin\debug\intermediates\ftpfr.obj
c:\users\paul\documents\visual studio 2013\projects\projecta\bin\debug\intermediates\ftstroke.obj
c:\users\paul\documents\visual studio 2013\projects\projecta\bin\debug\intermediates\ftsynth.obj
c:\users\paul\documents\visual studio 2013\projects\projecta\bin\debug\intermediates\ftsystem.obj
c:\users\paul\documents\visual studio 2013\projects\projecta\bin\debug\intermediates\fttype1.obj
c:\users\paul\documents\visual studio 2013\projects\projecta\bin\debug\intermediates\platform.obj
c:\users\paul\documents\visual studio 2013\projects\projecta\bin\debug\intermediates\texture-atlas.obj
c:\users\paul\documents\visual studio 2013\projects\projecta\bin\debug\intermediates\texture-font.obj
c:\users\paul\documents\visual studio 2013\projects\projecta\bin\debug\intermediates\ga.obj
c:\users\paul\documents\visual studio 2013\projects\projecta\bin\debug\intermediates\gau.obj
c:\users\paul\documents\visual studio 2013\projects\projecta\bin\debug\intermediates\ga_openal.obj
c:\users\paul\documents\visual studio 2013\projects\projecta\bin\debug\intermediates\ga_stream.obj
c:\users\paul\documents\visual studio 2013\projects\projecta\bin\debug\intermediates\gc_common.obj
c:\users\paul\documents\visual studio 2013\projects\projecta\bin\debug\intermediates\gc_thread.obj
c:\users\paul\documents\visual studio 2013\projects\projecta\bin\debug\projecta.pdb
c:\users\paul\documents\visual studio 2013\projects\projecta\bin\debug\intermediates\projecta.tlog\cl.command.1.tlog
c:\users\paul\documents\visual studio 2013\projects\projecta\bin\debug\intermediates\projecta.tlog\cl.read.1.tlog
c:\users\paul\documents\visual studio 2013\projects\projecta\bin\debug\intermediates\projecta.tlog\cl.write.1.tlog
c:\users\paul\documents\visual studio 2013\projects\projecta\bin\debug\intermediates\projecta.tlog\link-cvtres.read.1.tlog
c:\users\paul\documents\visual studio 2013\projects\projecta\bin\debug\intermediates\projecta.tlog\link-cvtres.write.1.tlog
c:\users\paul\documents\visual studio 2013\projects\projecta\bin\debug\intermediates\projecta.tlog\link-rc.read.1.tlog
c:\users\paul\documents\visual studio 2013\projects\projecta\bin\debug\intermediates\projecta.tlog\link-rc.write.1.tlog
c:\users\paul\documents\visual studio 2013\projects\projecta\bin\debug\intermediates\projecta.tlog\link.command.1.tlog
c:\users\paul\documents\visual studio 2013\projects\projecta\bin\debug\intermediates\projecta.tlog\link.read.1.tlog
c:\users\paul\documents\visual studio 2013\projects\projecta\bin\debug\intermediates\projecta.tlog\link.write.1.tlog
