Build started 4/16/2015 9:32:00 AM.
     1>Project "C:\Users\Paul\documents\visual studio 2013\Projects\ProjectA\libvorbis\libvorbis.vcxproj" on node 2 (Build target(s)).
     1>ClCompile:
         C:\Program Files (x86)\Microsoft Visual Studio 12.0\VC\bin\CL.exe /c /Zi /nologo /W0 /WX- /sdl- /O2 /Oi /Oy- /GL /D _CRT_SECURE_NO_WARNINGS /Gm- /EHsc /MD /GS /Gy /fp:precise /Zc:wchar_t /Zc:forScope /Fo"Release\\" /Fd"Release\vc120.pdb" /Gd /TC /analyze- /errorReport:prompt "..\..\..\..\..\..\..\C++ Libraries\Sparkies\Episode 24\Sparky-master\Dependencies\libvorbis\lib\analysis.c" "..\..\..\..\..\..\..\C++ Libraries\Sparkies\Episode 24\Sparky-master\Dependencies\libvorbis\lib\bitrate.c" "..\..\..\..\..\..\..\C++ Libraries\Sparkies\Episode 24\Sparky-master\Dependencies\libvorbis\lib\block.c" "..\..\..\..\..\..\..\C++ Libraries\Sparkies\Episode 24\Sparky-master\Dependencies\libvorbis\lib\envelope.c" "..\..\..\..\..\..\..\C++ Libraries\Sparkies\Episode 24\Sparky-master\Dependencies\libvorbis\lib\floor0.c" "..\..\..\..\..\..\..\C++ Libraries\Sparkies\Episode 24\Sparky-master\Dependencies\libvorbis\lib\floor1.c" "..\..\..\..\..\..\..\C++ Libraries\Sparkies\Episode 24\Sparky-master\Dependencies\libvorbis\lib\info.c" "..\..\..\..\..\..\..\C++ Libraries\Sparkies\Episode 24\Sparky-master\Dependencies\libvorbis\lib\lookup.c" "..\..\..\..\..\..\..\C++ Libraries\Sparkies\Episode 24\Sparky-master\Dependencies\libvorbis\lib\lpc.c" "..\..\..\..\..\..\..\C++ Libraries\Sparkies\Episode 24\Sparky-master\Dependencies\libvorbis\lib\lsp.c" "..\..\..\..\..\..\..\C++ Libraries\Sparkies\Episode 24\Sparky-master\Dependencies\libvorbis\lib\mapping0.c" "..\..\..\..\..\..\..\C++ Libraries\Sparkies\Episode 24\Sparky-master\Dependencies\libvorbis\lib\mdct.c" "..\..\..\..\..\..\..\C++ Libraries\Sparkies\Episode 24\Sparky-master\Dependencies\libvorbis\lib\psy.c" "..\..\..\..\..\..\..\C++ Libraries\Sparkies\Episode 24\Sparky-master\Dependencies\libvorbis\lib\registry.c" "..\..\..\..\..\..\..\C++ Libraries\Sparkies\Episode 24\Sparky-master\Dependencies\libvorbis\lib\res0.c" "..\..\..\..\..\..\..\C++ Libraries\Sparkies\Episode 24\Sparky-master\Dependencies\libvorbis\lib\smallft.c" "..\..\..\..\..\..\..\C++ Libraries\Sparkies\Episode 24\Sparky-master\Dependencies\libvorbis\lib\synthesis.c" "..\..\..\..\..\..\..\C++ Libraries\Sparkies\Episode 24\Sparky-master\Dependencies\libvorbis\lib\tone.c" "..\..\..\..\..\..\..\C++ Libraries\Sparkies\Episode 24\Sparky-master\Dependencies\libvorbis\lib\vorbisenc.c" "..\..\..\..\..\..\..\C++ Libraries\Sparkies\Episode 24\Sparky-master\Dependencies\libvorbis\lib\vorbisfile.c" "..\..\..\..\..\..\..\C++ Libraries\Sparkies\Episode 24\Sparky-master\Dependencies\libvorbis\lib\window.c"
         analysis.c
         bitrate.c
         block.c
         envelope.c
         floor0.c
         floor1.c
         info.c
         lookup.c
         lpc.c
         lsp.c
         mapping0.c
         mdct.c
         psy.c
         registry.c
         res0.c
         smallft.c
         synthesis.c
         tone.c
     1>..\..\..\..\..\..\..\C++ Libraries\Sparkies\Episode 24\Sparky-master\Dependencies\libvorbis\lib\tone.c(40): error C2065: 'M_PI' : undeclared identifier
         vorbisenc.c
         vorbisfile.c
         Compiling...
         window.c
     1>Done Building Project "C:\Users\Paul\documents\visual studio 2013\Projects\ProjectA\libvorbis\libvorbis.vcxproj" (Build target(s)) -- FAILED.

Build FAILED.

Time Elapsed 00:00:01.57
